<?xml version="1.0" encoding="UTF-8"?>
<testng-results ignored="0" total="2" passed="2" failed="0" skipped="0">
  <reporter-output>
  </reporter-output>
  <suite started-at="2023-08-07T13:51:43 CDT" name="Default suite" finished-at="2023-08-07T13:51:51 CDT" duration-ms="7714">
    <groups>
    </groups>
    <test started-at="2023-08-07T13:51:43 CDT" name="Default test" finished-at="2023-08-07T13:51:51 CDT" duration-ms="7714">
      <class name="OrangeWeb.PracticeTesting">
        <test-method signature="testcase1()[pri:0, instance:OrangeWeb.PracticeTesting@56cdfb3b]" started-at="2023-08-07T13:51:43 CDT" name="testcase1" finished-at="2023-08-07T13:51:47 CDT" duration-ms="3715" status="PASS">
          <reporter-output>
          </reporter-output>
        </test-method> <!-- testcase1 -->
        <test-method signature="testcase2()[pri:0, instance:OrangeWeb.PracticeTesting@56cdfb3b]" started-at="2023-08-07T13:51:47 CDT" name="testcase2" finished-at="2023-08-07T13:51:51 CDT" duration-ms="3945" status="PASS">
          <reporter-output>
          </reporter-output>
        </test-method> <!-- testcase2 -->
      </class> <!-- OrangeWeb.PracticeTesting -->
    </test> <!-- Default test -->
  </suite> <!-- Default suite -->
</testng-results>
